/!\ FAILSAFE /!\  2014-09-26 15:44:29 +0530
  Status: 500 Internal Server Error
  cannot load such file -- sqlite3
    /Users/user/.rvm/rubies/ruby-1.9.3-p547/lib/ruby/site_ruby/1.9.1/rubygems/custom_require.rb:55:in `require'
    /Users/user/.rvm/rubies/ruby-1.9.3-p547/lib/ruby/site_ruby/1.9.1/rubygems/custom_require.rb:55:in `require'
    /Users/user/.rvm/gems/ruby-1.9.3-p547@global/gems/activesupport-2.3.18/lib/active_support/dependencies.rb:182:in `block in require'
    /Users/user/.rvm/gems/ruby-1.9.3-p547@global/gems/activesupport-2.3.18/lib/active_support/dependencies.rb:547:in `new_constants_in'
    /Users/user/.rvm/gems/ruby-1.9.3-p547@global/gems/activesupport-2.3.18/lib/active_support/dependencies.rb:182:in `require'
    /Users/user/.rvm/gems/ruby-1.9.3-p547@global/gems/activesupport-2.3.18/lib/active_support/core_ext/kernel/requires.rb:7:in `block in require_library_or_gem'
    /Users/user/.rvm/gems/ruby-1.9.3-p547@global/gems/activesupport-2.3.18/lib/active_support/core_ext/kernel/reporting.rb:11:in `silence_warnings'
    /Users/user/.rvm/gems/ruby-1.9.3-p547@global/gems/activesupport-2.3.18/lib/active_support/core_ext/kernel/requires.rb:5:in `require_library_or_gem'
    /Users/user/.rvm/gems/ruby-1.9.3-p547@global/gems/activerecord-2.3.18/lib/active_record/connection_adapters/sqlite3_adapter.rb:10:in `sqlite3_connection'
    /Users/user/.rvm/gems/ruby-1.9.3-p547@global/gems/activerecord-2.3.18/lib/active_record/connection_adapters/abstract/connection_pool.rb:223:in `new_connection'
    /Users/user/.rvm/gems/ruby-1.9.3-p547@global/gems/activerecord-2.3.18/lib/active_record/connection_adapters/abstract/connection_pool.rb:245:in `checkout_new_connection'
    /Users/user/.rvm/gems/ruby-1.9.3-p547@global/gems/activerecord-2.3.18/lib/active_record/connection_adapters/abstract/connection_pool.rb:188:in `block (2 levels) in checkout'
    /Users/user/.rvm/gems/ruby-1.9.3-p547@global/gems/activerecord-2.3.18/lib/active_record/connection_adapters/abstract/connection_pool.rb:184:in `loop'
    /Users/user/.rvm/gems/ruby-1.9.3-p547@global/gems/activerecord-2.3.18/lib/active_record/connection_adapters/abstract/connection_pool.rb:184:in `block in checkout'
    /Users/user/.rvm/rubies/ruby-1.9.3-p547/lib/ruby/1.9.1/monitor.rb:211:in `mon_synchronize'
    /Users/user/.rvm/gems/ruby-1.9.3-p547@global/gems/activerecord-2.3.18/lib/active_record/connection_adapters/abstract/connection_pool.rb:183:in `checkout'
    /Users/user/.rvm/gems/ruby-1.9.3-p547@global/gems/activerecord-2.3.18/lib/active_record/connection_adapters/abstract/connection_pool.rb:98:in `connection'
    /Users/user/.rvm/gems/ruby-1.9.3-p547@global/gems/activerecord-2.3.18/lib/active_record/connection_adapters/abstract/connection_pool.rb:326:in `retrieve_connection'
    /Users/user/.rvm/gems/ruby-1.9.3-p547@global/gems/activerecord-2.3.18/lib/active_record/connection_adapters/abstract/connection_specification.rb:123:in `retrieve_connection'
    /Users/user/.rvm/gems/ruby-1.9.3-p547@global/gems/activerecord-2.3.18/lib/active_record/connection_adapters/abstract/connection_specification.rb:115:in `connection'
    /Users/user/.rvm/gems/ruby-1.9.3-p547@global/gems/activerecord-2.3.18/lib/active_record/query_cache.rb:9:in `cache'
    /Users/user/.rvm/gems/ruby-1.9.3-p547@global/gems/activerecord-2.3.18/lib/active_record/query_cache.rb:28:in `call'
    /Users/user/.rvm/gems/ruby-1.9.3-p547@global/gems/activerecord-2.3.18/lib/active_record/connection_adapters/abstract/connection_pool.rb:361:in `call'
    /Users/user/.rvm/gems/ruby-1.9.3-p547@global/gems/actionpack-2.3.18/lib/action_controller/string_coercion.rb:25:in `call'
    /Users/user/.rvm/gems/ruby-1.9.3-p547@global/gems/rack-1.1.6/lib/rack/head.rb:9:in `call'
    /Users/user/.rvm/gems/ruby-1.9.3-p547@global/gems/rack-1.1.6/lib/rack/methodoverride.rb:24:in `call'
    /Users/user/.rvm/gems/ruby-1.9.3-p547@global/gems/actionpack-2.3.18/lib/action_controller/params_parser.rb:15:in `call'
    /Users/user/.rvm/gems/ruby-1.9.3-p547@global/gems/actionpack-2.3.18/lib/action_controller/session/cookie_store.rb:99:in `call'
    /Users/user/.rvm/gems/ruby-1.9.3-p547@global/gems/actionpack-2.3.18/lib/action_controller/failsafe.rb:26:in `call'
    /Users/user/.rvm/gems/ruby-1.9.3-p547@global/gems/rack-1.1.6/lib/rack/lock.rb:11:in `block in call'
    <internal:prelude>:10:in `synchronize'
    /Users/user/.rvm/gems/ruby-1.9.3-p547@global/gems/rack-1.1.6/lib/rack/lock.rb:11:in `call'
    /Users/user/.rvm/gems/ruby-1.9.3-p547@global/gems/actionpack-2.3.18/lib/action_controller/dispatcher.rb:114:in `block in call'
    /Users/user/.rvm/gems/ruby-1.9.3-p547@global/gems/actionpack-2.3.18/lib/action_controller/reloader.rb:34:in `run'
    /Users/user/.rvm/gems/ruby-1.9.3-p547@global/gems/actionpack-2.3.18/lib/action_controller/dispatcher.rb:108:in `call'
    /Users/user/.rvm/gems/ruby-1.9.3-p547@global/gems/rails-2.3.18/lib/rails/rack/static.rb:31:in `call'
    /Users/user/.rvm/gems/ruby-1.9.3-p547@global/gems/rack-1.1.6/lib/rack/urlmap.rb:47:in `block in call'
    /Users/user/.rvm/gems/ruby-1.9.3-p547@global/gems/rack-1.1.6/lib/rack/urlmap.rb:41:in `each'
    /Users/user/.rvm/gems/ruby-1.9.3-p547@global/gems/rack-1.1.6/lib/rack/urlmap.rb:41:in `call'
    /Users/user/.rvm/gems/ruby-1.9.3-p547@global/gems/rails-2.3.18/lib/rails/rack/log_tailer.rb:17:in `call'
    /Users/user/.rvm/gems/ruby-1.9.3-p547@global/gems/rack-1.1.6/lib/rack/content_length.rb:13:in `call'
    /Users/user/.rvm/gems/ruby-1.9.3-p547@global/gems/rack-1.1.6/lib/rack/chunked.rb:15:in `call'
    /Users/user/.rvm/gems/ruby-1.9.3-p547@global/gems/rack-1.1.6/lib/rack/handler/mongrel.rb:67:in `process'
    /Users/user/.rvm/gems/ruby-1.9.3-p547/gems/mongrel-1.2.0.pre2/lib/mongrel.rb:165:in `block in process_client'
    /Users/user/.rvm/gems/ruby-1.9.3-p547/gems/mongrel-1.2.0.pre2/lib/mongrel.rb:164:in `each'
    /Users/user/.rvm/gems/ruby-1.9.3-p547/gems/mongrel-1.2.0.pre2/lib/mongrel.rb:164:in `process_client'
    /Users/user/.rvm/gems/ruby-1.9.3-p547/gems/mongrel-1.2.0.pre2/lib/mongrel.rb:291:in `block (2 levels) in run'
/!\ FAILSAFE /!\  2014-09-26 15:44:35 +0530
  Status: 500 Internal Server Error
  cannot load such file -- sqlite3
    /Users/user/.rvm/rubies/ruby-1.9.3-p547/lib/ruby/site_ruby/1.9.1/rubygems/custom_require.rb:55:in `require'
    /Users/user/.rvm/rubies/ruby-1.9.3-p547/lib/ruby/site_ruby/1.9.1/rubygems/custom_require.rb:55:in `require'
    /Users/user/.rvm/gems/ruby-1.9.3-p547@global/gems/activesupport-2.3.18/lib/active_support/dependencies.rb:182:in `block in require'
    /Users/user/.rvm/gems/ruby-1.9.3-p547@global/gems/activesupport-2.3.18/lib/active_support/dependencies.rb:547:in `new_constants_in'
    /Users/user/.rvm/gems/ruby-1.9.3-p547@global/gems/activesupport-2.3.18/lib/active_support/dependencies.rb:182:in `require'
    /Users/user/.rvm/gems/ruby-1.9.3-p547@global/gems/activesupport-2.3.18/lib/active_support/core_ext/kernel/requires.rb:7:in `block in require_library_or_gem'
    /Users/user/.rvm/gems/ruby-1.9.3-p547@global/gems/activesupport-2.3.18/lib/active_support/core_ext/kernel/reporting.rb:11:in `silence_warnings'
    /Users/user/.rvm/gems/ruby-1.9.3-p547@global/gems/activesupport-2.3.18/lib/active_support/core_ext/kernel/requires.rb:5:in `require_library_or_gem'
    /Users/user/.rvm/gems/ruby-1.9.3-p547@global/gems/activerecord-2.3.18/lib/active_record/connection_adapters/sqlite3_adapter.rb:10:in `sqlite3_connection'
    /Users/user/.rvm/gems/ruby-1.9.3-p547@global/gems/activerecord-2.3.18/lib/active_record/connection_adapters/abstract/connection_pool.rb:223:in `new_connection'
    /Users/user/.rvm/gems/ruby-1.9.3-p547@global/gems/activerecord-2.3.18/lib/active_record/connection_adapters/abstract/connection_pool.rb:245:in `checkout_new_connection'
    /Users/user/.rvm/gems/ruby-1.9.3-p547@global/gems/activerecord-2.3.18/lib/active_record/connection_adapters/abstract/connection_pool.rb:188:in `block (2 levels) in checkout'
    /Users/user/.rvm/gems/ruby-1.9.3-p547@global/gems/activerecord-2.3.18/lib/active_record/connection_adapters/abstract/connection_pool.rb:184:in `loop'
    /Users/user/.rvm/gems/ruby-1.9.3-p547@global/gems/activerecord-2.3.18/lib/active_record/connection_adapters/abstract/connection_pool.rb:184:in `block in checkout'
    /Users/user/.rvm/rubies/ruby-1.9.3-p547/lib/ruby/1.9.1/monitor.rb:211:in `mon_synchronize'
    /Users/user/.rvm/gems/ruby-1.9.3-p547@global/gems/activerecord-2.3.18/lib/active_record/connection_adapters/abstract/connection_pool.rb:183:in `checkout'
    /Users/user/.rvm/gems/ruby-1.9.3-p547@global/gems/activerecord-2.3.18/lib/active_record/connection_adapters/abstract/connection_pool.rb:98:in `connection'
    /Users/user/.rvm/gems/ruby-1.9.3-p547@global/gems/activerecord-2.3.18/lib/active_record/connection_adapters/abstract/connection_pool.rb:326:in `retrieve_connection'
    /Users/user/.rvm/gems/ruby-1.9.3-p547@global/gems/activerecord-2.3.18/lib/active_record/connection_adapters/abstract/connection_specification.rb:123:in `retrieve_connection'
    /Users/user/.rvm/gems/ruby-1.9.3-p547@global/gems/activerecord-2.3.18/lib/active_record/connection_adapters/abstract/connection_specification.rb:115:in `connection'
    /Users/user/.rvm/gems/ruby-1.9.3-p547@global/gems/activerecord-2.3.18/lib/active_record/query_cache.rb:9:in `cache'
    /Users/user/.rvm/gems/ruby-1.9.3-p547@global/gems/activerecord-2.3.18/lib/active_record/query_cache.rb:28:in `call'
    /Users/user/.rvm/gems/ruby-1.9.3-p547@global/gems/activerecord-2.3.18/lib/active_record/connection_adapters/abstract/connection_pool.rb:361:in `call'
    /Users/user/.rvm/gems/ruby-1.9.3-p547@global/gems/actionpack-2.3.18/lib/action_controller/string_coercion.rb:25:in `call'
    /Users/user/.rvm/gems/ruby-1.9.3-p547@global/gems/rack-1.1.6/lib/rack/head.rb:9:in `call'
    /Users/user/.rvm/gems/ruby-1.9.3-p547@global/gems/rack-1.1.6/lib/rack/methodoverride.rb:24:in `call'
    /Users/user/.rvm/gems/ruby-1.9.3-p547@global/gems/actionpack-2.3.18/lib/action_controller/params_parser.rb:15:in `call'
    /Users/user/.rvm/gems/ruby-1.9.3-p547@global/gems/actionpack-2.3.18/lib/action_controller/session/cookie_store.rb:99:in `call'
    /Users/user/.rvm/gems/ruby-1.9.3-p547@global/gems/actionpack-2.3.18/lib/action_controller/failsafe.rb:26:in `call'
    /Users/user/.rvm/gems/ruby-1.9.3-p547@global/gems/rack-1.1.6/lib/rack/lock.rb:11:in `block in call'
    <internal:prelude>:10:in `synchronize'
    /Users/user/.rvm/gems/ruby-1.9.3-p547@global/gems/rack-1.1.6/lib/rack/lock.rb:11:in `call'
    /Users/user/.rvm/gems/ruby-1.9.3-p547@global/gems/actionpack-2.3.18/lib/action_controller/dispatcher.rb:114:in `block in call'
    /Users/user/.rvm/gems/ruby-1.9.3-p547@global/gems/actionpack-2.3.18/lib/action_controller/reloader.rb:34:in `run'
    /Users/user/.rvm/gems/ruby-1.9.3-p547@global/gems/actionpack-2.3.18/lib/action_controller/dispatcher.rb:108:in `call'
    /Users/user/.rvm/gems/ruby-1.9.3-p547@global/gems/rails-2.3.18/lib/rails/rack/static.rb:31:in `call'
    /Users/user/.rvm/gems/ruby-1.9.3-p547@global/gems/rack-1.1.6/lib/rack/urlmap.rb:47:in `block in call'
    /Users/user/.rvm/gems/ruby-1.9.3-p547@global/gems/rack-1.1.6/lib/rack/urlmap.rb:41:in `each'
    /Users/user/.rvm/gems/ruby-1.9.3-p547@global/gems/rack-1.1.6/lib/rack/urlmap.rb:41:in `call'
    /Users/user/.rvm/gems/ruby-1.9.3-p547@global/gems/rails-2.3.18/lib/rails/rack/log_tailer.rb:17:in `call'
    /Users/user/.rvm/gems/ruby-1.9.3-p547@global/gems/rack-1.1.6/lib/rack/content_length.rb:13:in `call'
    /Users/user/.rvm/gems/ruby-1.9.3-p547@global/gems/rack-1.1.6/lib/rack/chunked.rb:15:in `call'
    /Users/user/.rvm/gems/ruby-1.9.3-p547@global/gems/rack-1.1.6/lib/rack/handler/mongrel.rb:67:in `process'
    /Users/user/.rvm/gems/ruby-1.9.3-p547/gems/mongrel-1.2.0.pre2/lib/mongrel.rb:165:in `block in process_client'
    /Users/user/.rvm/gems/ruby-1.9.3-p547/gems/mongrel-1.2.0.pre2/lib/mongrel.rb:164:in `each'
    /Users/user/.rvm/gems/ruby-1.9.3-p547/gems/mongrel-1.2.0.pre2/lib/mongrel.rb:164:in `process_client'
    /Users/user/.rvm/gems/ruby-1.9.3-p547/gems/mongrel-1.2.0.pre2/lib/mongrel.rb:291:in `block (2 levels) in run'
/!\ FAILSAFE /!\  2014-09-26 15:44:44 +0530
  Status: 500 Internal Server Error
  cannot load such file -- sqlite3
    /Users/user/.rvm/rubies/ruby-1.9.3-p547/lib/ruby/site_ruby/1.9.1/rubygems/custom_require.rb:55:in `require'
    /Users/user/.rvm/rubies/ruby-1.9.3-p547/lib/ruby/site_ruby/1.9.1/rubygems/custom_require.rb:55:in `require'
    /Users/user/.rvm/gems/ruby-1.9.3-p547@global/gems/activesupport-2.3.18/lib/active_support/dependencies.rb:182:in `block in require'
    /Users/user/.rvm/gems/ruby-1.9.3-p547@global/gems/activesupport-2.3.18/lib/active_support/dependencies.rb:547:in `new_constants_in'
    /Users/user/.rvm/gems/ruby-1.9.3-p547@global/gems/activesupport-2.3.18/lib/active_support/dependencies.rb:182:in `require'
    /Users/user/.rvm/gems/ruby-1.9.3-p547@global/gems/activesupport-2.3.18/lib/active_support/core_ext/kernel/requires.rb:7:in `block in require_library_or_gem'
    /Users/user/.rvm/gems/ruby-1.9.3-p547@global/gems/activesupport-2.3.18/lib/active_support/core_ext/kernel/reporting.rb:11:in `silence_warnings'
    /Users/user/.rvm/gems/ruby-1.9.3-p547@global/gems/activesupport-2.3.18/lib/active_support/core_ext/kernel/requires.rb:5:in `require_library_or_gem'
    /Users/user/.rvm/gems/ruby-1.9.3-p547@global/gems/activerecord-2.3.18/lib/active_record/connection_adapters/sqlite3_adapter.rb:10:in `sqlite3_connection'
    /Users/user/.rvm/gems/ruby-1.9.3-p547@global/gems/activerecord-2.3.18/lib/active_record/connection_adapters/abstract/connection_pool.rb:223:in `new_connection'
    /Users/user/.rvm/gems/ruby-1.9.3-p547@global/gems/activerecord-2.3.18/lib/active_record/connection_adapters/abstract/connection_pool.rb:245:in `checkout_new_connection'
    /Users/user/.rvm/gems/ruby-1.9.3-p547@global/gems/activerecord-2.3.18/lib/active_record/connection_adapters/abstract/connection_pool.rb:188:in `block (2 levels) in checkout'
    /Users/user/.rvm/gems/ruby-1.9.3-p547@global/gems/activerecord-2.3.18/lib/active_record/connection_adapters/abstract/connection_pool.rb:184:in `loop'
    /Users/user/.rvm/gems/ruby-1.9.3-p547@global/gems/activerecord-2.3.18/lib/active_record/connection_adapters/abstract/connection_pool.rb:184:in `block in checkout'
    /Users/user/.rvm/rubies/ruby-1.9.3-p547/lib/ruby/1.9.1/monitor.rb:211:in `mon_synchronize'
    /Users/user/.rvm/gems/ruby-1.9.3-p547@global/gems/activerecord-2.3.18/lib/active_record/connection_adapters/abstract/connection_pool.rb:183:in `checkout'
    /Users/user/.rvm/gems/ruby-1.9.3-p547@global/gems/activerecord-2.3.18/lib/active_record/connection_adapters/abstract/connection_pool.rb:98:in `connection'
    /Users/user/.rvm/gems/ruby-1.9.3-p547@global/gems/activerecord-2.3.18/lib/active_record/connection_adapters/abstract/connection_pool.rb:326:in `retrieve_connection'
    /Users/user/.rvm/gems/ruby-1.9.3-p547@global/gems/activerecord-2.3.18/lib/active_record/connection_adapters/abstract/connection_specification.rb:123:in `retrieve_connection'
    /Users/user/.rvm/gems/ruby-1.9.3-p547@global/gems/activerecord-2.3.18/lib/active_record/connection_adapters/abstract/connection_specification.rb:115:in `connection'
    /Users/user/.rvm/gems/ruby-1.9.3-p547@global/gems/activerecord-2.3.18/lib/active_record/query_cache.rb:9:in `cache'
    /Users/user/.rvm/gems/ruby-1.9.3-p547@global/gems/activerecord-2.3.18/lib/active_record/query_cache.rb:28:in `call'
    /Users/user/.rvm/gems/ruby-1.9.3-p547@global/gems/activerecord-2.3.18/lib/active_record/connection_adapters/abstract/connection_pool.rb:361:in `call'
    /Users/user/.rvm/gems/ruby-1.9.3-p547@global/gems/actionpack-2.3.18/lib/action_controller/string_coercion.rb:25:in `call'
    /Users/user/.rvm/gems/ruby-1.9.3-p547@global/gems/rack-1.1.6/lib/rack/head.rb:9:in `call'
    /Users/user/.rvm/gems/ruby-1.9.3-p547@global/gems/rack-1.1.6/lib/rack/methodoverride.rb:24:in `call'
    /Users/user/.rvm/gems/ruby-1.9.3-p547@global/gems/actionpack-2.3.18/lib/action_controller/params_parser.rb:15:in `call'
    /Users/user/.rvm/gems/ruby-1.9.3-p547@global/gems/actionpack-2.3.18/lib/action_controller/session/cookie_store.rb:99:in `call'
    /Users/user/.rvm/gems/ruby-1.9.3-p547@global/gems/actionpack-2.3.18/lib/action_controller/failsafe.rb:26:in `call'
    /Users/user/.rvm/gems/ruby-1.9.3-p547@global/gems/rack-1.1.6/lib/rack/lock.rb:11:in `block in call'
    <internal:prelude>:10:in `synchronize'
    /Users/user/.rvm/gems/ruby-1.9.3-p547@global/gems/rack-1.1.6/lib/rack/lock.rb:11:in `call'
    /Users/user/.rvm/gems/ruby-1.9.3-p547@global/gems/actionpack-2.3.18/lib/action_controller/dispatcher.rb:114:in `block in call'
    /Users/user/.rvm/gems/ruby-1.9.3-p547@global/gems/actionpack-2.3.18/lib/action_controller/reloader.rb:34:in `run'
    /Users/user/.rvm/gems/ruby-1.9.3-p547@global/gems/actionpack-2.3.18/lib/action_controller/dispatcher.rb:108:in `call'
    /Users/user/.rvm/gems/ruby-1.9.3-p547@global/gems/rails-2.3.18/lib/rails/rack/static.rb:31:in `call'
    /Users/user/.rvm/gems/ruby-1.9.3-p547@global/gems/rack-1.1.6/lib/rack/urlmap.rb:47:in `block in call'
    /Users/user/.rvm/gems/ruby-1.9.3-p547@global/gems/rack-1.1.6/lib/rack/urlmap.rb:41:in `each'
    /Users/user/.rvm/gems/ruby-1.9.3-p547@global/gems/rack-1.1.6/lib/rack/urlmap.rb:41:in `call'
    /Users/user/.rvm/gems/ruby-1.9.3-p547@global/gems/rails-2.3.18/lib/rails/rack/log_tailer.rb:17:in `call'
    /Users/user/.rvm/gems/ruby-1.9.3-p547@global/gems/rack-1.1.6/lib/rack/content_length.rb:13:in `call'
    /Users/user/.rvm/gems/ruby-1.9.3-p547@global/gems/rack-1.1.6/lib/rack/chunked.rb:15:in `call'
    /Users/user/.rvm/gems/ruby-1.9.3-p547@global/gems/rack-1.1.6/lib/rack/handler/mongrel.rb:67:in `process'
    /Users/user/.rvm/gems/ruby-1.9.3-p547/gems/mongrel-1.2.0.pre2/lib/mongrel.rb:165:in `block in process_client'
    /Users/user/.rvm/gems/ruby-1.9.3-p547/gems/mongrel-1.2.0.pre2/lib/mongrel.rb:164:in `each'
    /Users/user/.rvm/gems/ruby-1.9.3-p547/gems/mongrel-1.2.0.pre2/lib/mongrel.rb:164:in `process_client'
    /Users/user/.rvm/gems/ruby-1.9.3-p547/gems/mongrel-1.2.0.pre2/lib/mongrel.rb:291:in `block (2 levels) in run'
/!\ FAILSAFE /!\  2014-09-26 15:44:49 +0530
  Status: 500 Internal Server Error
  cannot load such file -- sqlite3
    /Users/user/.rvm/rubies/ruby-1.9.3-p547/lib/ruby/site_ruby/1.9.1/rubygems/custom_require.rb:55:in `require'
    /Users/user/.rvm/rubies/ruby-1.9.3-p547/lib/ruby/site_ruby/1.9.1/rubygems/custom_require.rb:55:in `require'
    /Users/user/.rvm/gems/ruby-1.9.3-p547@global/gems/activesupport-2.3.18/lib/active_support/dependencies.rb:182:in `block in require'
    /Users/user/.rvm/gems/ruby-1.9.3-p547@global/gems/activesupport-2.3.18/lib/active_support/dependencies.rb:547:in `new_constants_in'
    /Users/user/.rvm/gems/ruby-1.9.3-p547@global/gems/activesupport-2.3.18/lib/active_support/dependencies.rb:182:in `require'
    /Users/user/.rvm/gems/ruby-1.9.3-p547@global/gems/activesupport-2.3.18/lib/active_support/core_ext/kernel/requires.rb:7:in `block in require_library_or_gem'
    /Users/user/.rvm/gems/ruby-1.9.3-p547@global/gems/activesupport-2.3.18/lib/active_support/core_ext/kernel/reporting.rb:11:in `silence_warnings'
    /Users/user/.rvm/gems/ruby-1.9.3-p547@global/gems/activesupport-2.3.18/lib/active_support/core_ext/kernel/requires.rb:5:in `require_library_or_gem'
    /Users/user/.rvm/gems/ruby-1.9.3-p547@global/gems/activerecord-2.3.18/lib/active_record/connection_adapters/sqlite3_adapter.rb:10:in `sqlite3_connection'
    /Users/user/.rvm/gems/ruby-1.9.3-p547@global/gems/activerecord-2.3.18/lib/active_record/connection_adapters/abstract/connection_pool.rb:223:in `new_connection'
    /Users/user/.rvm/gems/ruby-1.9.3-p547@global/gems/activerecord-2.3.18/lib/active_record/connection_adapters/abstract/connection_pool.rb:245:in `checkout_new_connection'
    /Users/user/.rvm/gems/ruby-1.9.3-p547@global/gems/activerecord-2.3.18/lib/active_record/connection_adapters/abstract/connection_pool.rb:188:in `block (2 levels) in checkout'
    /Users/user/.rvm/gems/ruby-1.9.3-p547@global/gems/activerecord-2.3.18/lib/active_record/connection_adapters/abstract/connection_pool.rb:184:in `loop'
    /Users/user/.rvm/gems/ruby-1.9.3-p547@global/gems/activerecord-2.3.18/lib/active_record/connection_adapters/abstract/connection_pool.rb:184:in `block in checkout'
    /Users/user/.rvm/rubies/ruby-1.9.3-p547/lib/ruby/1.9.1/monitor.rb:211:in `mon_synchronize'
    /Users/user/.rvm/gems/ruby-1.9.3-p547@global/gems/activerecord-2.3.18/lib/active_record/connection_adapters/abstract/connection_pool.rb:183:in `checkout'
    /Users/user/.rvm/gems/ruby-1.9.3-p547@global/gems/activerecord-2.3.18/lib/active_record/connection_adapters/abstract/connection_pool.rb:98:in `connection'
    /Users/user/.rvm/gems/ruby-1.9.3-p547@global/gems/activerecord-2.3.18/lib/active_record/connection_adapters/abstract/connection_pool.rb:326:in `retrieve_connection'
    /Users/user/.rvm/gems/ruby-1.9.3-p547@global/gems/activerecord-2.3.18/lib/active_record/connection_adapters/abstract/connection_specification.rb:123:in `retrieve_connection'
    /Users/user/.rvm/gems/ruby-1.9.3-p547@global/gems/activerecord-2.3.18/lib/active_record/connection_adapters/abstract/connection_specification.rb:115:in `connection'
    /Users/user/.rvm/gems/ruby-1.9.3-p547@global/gems/activerecord-2.3.18/lib/active_record/query_cache.rb:9:in `cache'
    /Users/user/.rvm/gems/ruby-1.9.3-p547@global/gems/activerecord-2.3.18/lib/active_record/query_cache.rb:28:in `call'
    /Users/user/.rvm/gems/ruby-1.9.3-p547@global/gems/activerecord-2.3.18/lib/active_record/connection_adapters/abstract/connection_pool.rb:361:in `call'
    /Users/user/.rvm/gems/ruby-1.9.3-p547@global/gems/actionpack-2.3.18/lib/action_controller/string_coercion.rb:25:in `call'
    /Users/user/.rvm/gems/ruby-1.9.3-p547@global/gems/rack-1.1.6/lib/rack/head.rb:9:in `call'
    /Users/user/.rvm/gems/ruby-1.9.3-p547@global/gems/rack-1.1.6/lib/rack/methodoverride.rb:24:in `call'
    /Users/user/.rvm/gems/ruby-1.9.3-p547@global/gems/actionpack-2.3.18/lib/action_controller/params_parser.rb:15:in `call'
    /Users/user/.rvm/gems/ruby-1.9.3-p547@global/gems/actionpack-2.3.18/lib/action_controller/session/cookie_store.rb:99:in `call'
    /Users/user/.rvm/gems/ruby-1.9.3-p547@global/gems/actionpack-2.3.18/lib/action_controller/failsafe.rb:26:in `call'
    /Users/user/.rvm/gems/ruby-1.9.3-p547@global/gems/rack-1.1.6/lib/rack/lock.rb:11:in `block in call'
    <internal:prelude>:10:in `synchronize'
    /Users/user/.rvm/gems/ruby-1.9.3-p547@global/gems/rack-1.1.6/lib/rack/lock.rb:11:in `call'
    /Users/user/.rvm/gems/ruby-1.9.3-p547@global/gems/actionpack-2.3.18/lib/action_controller/dispatcher.rb:114:in `block in call'
    /Users/user/.rvm/gems/ruby-1.9.3-p547@global/gems/actionpack-2.3.18/lib/action_controller/reloader.rb:34:in `run'
    /Users/user/.rvm/gems/ruby-1.9.3-p547@global/gems/actionpack-2.3.18/lib/action_controller/dispatcher.rb:108:in `call'
    /Users/user/.rvm/gems/ruby-1.9.3-p547@global/gems/rails-2.3.18/lib/rails/rack/static.rb:31:in `call'
    /Users/user/.rvm/gems/ruby-1.9.3-p547@global/gems/rack-1.1.6/lib/rack/urlmap.rb:47:in `block in call'
    /Users/user/.rvm/gems/ruby-1.9.3-p547@global/gems/rack-1.1.6/lib/rack/urlmap.rb:41:in `each'
    /Users/user/.rvm/gems/ruby-1.9.3-p547@global/gems/rack-1.1.6/lib/rack/urlmap.rb:41:in `call'
    /Users/user/.rvm/gems/ruby-1.9.3-p547@global/gems/rails-2.3.18/lib/rails/rack/log_tailer.rb:17:in `call'
    /Users/user/.rvm/gems/ruby-1.9.3-p547@global/gems/rack-1.1.6/lib/rack/content_length.rb:13:in `call'
    /Users/user/.rvm/gems/ruby-1.9.3-p547@global/gems/rack-1.1.6/lib/rack/chunked.rb:15:in `call'
    /Users/user/.rvm/gems/ruby-1.9.3-p547@global/gems/rack-1.1.6/lib/rack/handler/mongrel.rb:67:in `process'
    /Users/user/.rvm/gems/ruby-1.9.3-p547/gems/mongrel-1.2.0.pre2/lib/mongrel.rb:165:in `block in process_client'
    /Users/user/.rvm/gems/ruby-1.9.3-p547/gems/mongrel-1.2.0.pre2/lib/mongrel.rb:164:in `each'
    /Users/user/.rvm/gems/ruby-1.9.3-p547/gems/mongrel-1.2.0.pre2/lib/mongrel.rb:164:in `process_client'
    /Users/user/.rvm/gems/ruby-1.9.3-p547/gems/mongrel-1.2.0.pre2/lib/mongrel.rb:291:in `block (2 levels) in run'
  [4;36;1mSCHEMA (0.3ms)[0m   [0;1mSHOW TABLES [0m
  [4;35;1mSQL (224.7ms)[0m   [0mCREATE TABLE `schema_migrations` (`version` varchar(255) NOT NULL) ENGINE=InnoDB[0m
  [4;36;1mSQL (0.5ms)[0m   [0;1mSHOW KEYS FROM `schema_migrations`[0m
  [4;35;1mSQL (273.9ms)[0m   [0mCREATE UNIQUE INDEX `unique_schema_migrations` ON `schema_migrations` (`version`)[0m
  [4;36;1mSCHEMA (0.3ms)[0m   [0;1mSHOW TABLES [0m
  [4;35;1mSQL (0.2ms)[0m   [0mSELECT version FROM schema_migrations[0m
Migrating to CreateUsers (20140926070525)
  [4;36;1mSQL (140.2ms)[0m   [0;1mCREATE TABLE `users` (`id` int(11) DEFAULT NULL auto_increment PRIMARY KEY, `name` varchar(255), `email` varchar(255), `created_at` datetime, `updated_at` datetime) ENGINE=InnoDB[0m
  [4;35;1mSQL (0.5ms)[0m   [0mINSERT INTO schema_migrations (version) VALUES ('20140926070525')[0m
  [4;36;1mSCHEMA (0.4ms)[0m   [0;1mSHOW TABLES [0m
  [4;35;1mSQL (0.2ms)[0m   [0mSELECT version FROM schema_migrations[0m
  [4;36;1mSCHEMA (0.2ms)[0m   [0;1mSHOW TABLES [0m
  [4;35;1mSQL (1.3ms)[0m   [0mdescribe `users`[0m
  [4;36;1mSQL (0.3ms)[0m   [0;1mSHOW KEYS FROM `users`[0m
/!\ FAILSAFE /!\  2014-09-26 15:56:36 +0530
  Status: 500 Internal Server Error
  Unknown database 'db/development.demorails'
    /Users/user/.rvm/gems/ruby-1.9.3-p547/gems/mysql2-0.2.23/lib/mysql2/client.rb:70:in `connect'
    /Users/user/.rvm/gems/ruby-1.9.3-p547/gems/mysql2-0.2.23/lib/mysql2/client.rb:70:in `initialize'
    /Users/user/.rvm/gems/ruby-1.9.3-p547/gems/activerecord-mysql2-adapter-0.0.3/lib/active_record/connection_adapters/mysql2_adapter.rb:14:in `new'
    /Users/user/.rvm/gems/ruby-1.9.3-p547/gems/activerecord-mysql2-adapter-0.0.3/lib/active_record/connection_adapters/mysql2_adapter.rb:14:in `mysql2_connection'
    /Users/user/.rvm/gems/ruby-1.9.3-p547@global/gems/activerecord-2.3.18/lib/active_record/connection_adapters/abstract/connection_pool.rb:223:in `new_connection'
    /Users/user/.rvm/gems/ruby-1.9.3-p547@global/gems/activerecord-2.3.18/lib/active_record/connection_adapters/abstract/connection_pool.rb:245:in `checkout_new_connection'
    /Users/user/.rvm/gems/ruby-1.9.3-p547@global/gems/activerecord-2.3.18/lib/active_record/connection_adapters/abstract/connection_pool.rb:188:in `block (2 levels) in checkout'
    /Users/user/.rvm/gems/ruby-1.9.3-p547@global/gems/activerecord-2.3.18/lib/active_record/connection_adapters/abstract/connection_pool.rb:184:in `loop'
    /Users/user/.rvm/gems/ruby-1.9.3-p547@global/gems/activerecord-2.3.18/lib/active_record/connection_adapters/abstract/connection_pool.rb:184:in `block in checkout'
    /Users/user/.rvm/rubies/ruby-1.9.3-p547/lib/ruby/1.9.1/monitor.rb:211:in `mon_synchronize'
    /Users/user/.rvm/gems/ruby-1.9.3-p547@global/gems/activerecord-2.3.18/lib/active_record/connection_adapters/abstract/connection_pool.rb:183:in `checkout'
    /Users/user/.rvm/gems/ruby-1.9.3-p547@global/gems/activerecord-2.3.18/lib/active_record/connection_adapters/abstract/connection_pool.rb:98:in `connection'
    /Users/user/.rvm/gems/ruby-1.9.3-p547@global/gems/activerecord-2.3.18/lib/active_record/connection_adapters/abstract/connection_pool.rb:326:in `retrieve_connection'
    /Users/user/.rvm/gems/ruby-1.9.3-p547@global/gems/activerecord-2.3.18/lib/active_record/connection_adapters/abstract/connection_specification.rb:123:in `retrieve_connection'
    /Users/user/.rvm/gems/ruby-1.9.3-p547@global/gems/activerecord-2.3.18/lib/active_record/connection_adapters/abstract/connection_specification.rb:115:in `connection'
    /Users/user/.rvm/gems/ruby-1.9.3-p547@global/gems/activerecord-2.3.18/lib/active_record/query_cache.rb:9:in `cache'
    /Users/user/.rvm/gems/ruby-1.9.3-p547@global/gems/activerecord-2.3.18/lib/active_record/query_cache.rb:28:in `call'
    /Users/user/.rvm/gems/ruby-1.9.3-p547@global/gems/activerecord-2.3.18/lib/active_record/connection_adapters/abstract/connection_pool.rb:361:in `call'
    /Users/user/.rvm/gems/ruby-1.9.3-p547@global/gems/actionpack-2.3.18/lib/action_controller/string_coercion.rb:25:in `call'
    /Users/user/.rvm/gems/ruby-1.9.3-p547@global/gems/rack-1.1.6/lib/rack/head.rb:9:in `call'
    /Users/user/.rvm/gems/ruby-1.9.3-p547@global/gems/rack-1.1.6/lib/rack/methodoverride.rb:24:in `call'
    /Users/user/.rvm/gems/ruby-1.9.3-p547@global/gems/actionpack-2.3.18/lib/action_controller/params_parser.rb:15:in `call'
    /Users/user/.rvm/gems/ruby-1.9.3-p547@global/gems/actionpack-2.3.18/lib/action_controller/session/cookie_store.rb:99:in `call'
    /Users/user/.rvm/gems/ruby-1.9.3-p547@global/gems/actionpack-2.3.18/lib/action_controller/failsafe.rb:26:in `call'
    /Users/user/.rvm/gems/ruby-1.9.3-p547@global/gems/rack-1.1.6/lib/rack/lock.rb:11:in `block in call'
    <internal:prelude>:10:in `synchronize'
    /Users/user/.rvm/gems/ruby-1.9.3-p547@global/gems/rack-1.1.6/lib/rack/lock.rb:11:in `call'
    /Users/user/.rvm/gems/ruby-1.9.3-p547@global/gems/actionpack-2.3.18/lib/action_controller/dispatcher.rb:114:in `block in call'
    /Users/user/.rvm/gems/ruby-1.9.3-p547@global/gems/actionpack-2.3.18/lib/action_controller/reloader.rb:34:in `run'
    /Users/user/.rvm/gems/ruby-1.9.3-p547@global/gems/actionpack-2.3.18/lib/action_controller/dispatcher.rb:108:in `call'
    /Users/user/.rvm/gems/ruby-1.9.3-p547@global/gems/rails-2.3.18/lib/rails/rack/static.rb:31:in `call'
    /Users/user/.rvm/gems/ruby-1.9.3-p547@global/gems/rack-1.1.6/lib/rack/urlmap.rb:47:in `block in call'
    /Users/user/.rvm/gems/ruby-1.9.3-p547@global/gems/rack-1.1.6/lib/rack/urlmap.rb:41:in `each'
    /Users/user/.rvm/gems/ruby-1.9.3-p547@global/gems/rack-1.1.6/lib/rack/urlmap.rb:41:in `call'
    /Users/user/.rvm/gems/ruby-1.9.3-p547@global/gems/rails-2.3.18/lib/rails/rack/log_tailer.rb:17:in `call'
    /Users/user/.rvm/gems/ruby-1.9.3-p547@global/gems/rack-1.1.6/lib/rack/content_length.rb:13:in `call'
    /Users/user/.rvm/gems/ruby-1.9.3-p547@global/gems/rack-1.1.6/lib/rack/chunked.rb:15:in `call'
    /Users/user/.rvm/gems/ruby-1.9.3-p547@global/gems/rack-1.1.6/lib/rack/handler/mongrel.rb:67:in `process'
    /Users/user/.rvm/gems/ruby-1.9.3-p547/gems/mongrel-1.2.0.pre2/lib/mongrel.rb:165:in `block in process_client'
    /Users/user/.rvm/gems/ruby-1.9.3-p547/gems/mongrel-1.2.0.pre2/lib/mongrel.rb:164:in `each'
    /Users/user/.rvm/gems/ruby-1.9.3-p547/gems/mongrel-1.2.0.pre2/lib/mongrel.rb:164:in `process_client'
    /Users/user/.rvm/gems/ruby-1.9.3-p547/gems/mongrel-1.2.0.pre2/lib/mongrel.rb:291:in `block (2 levels) in run'
  [4;36;1mSCHEMA (0.3ms)[0m   [0;1mSHOW TABLES [0m
  [4;35;1mSQL (269.2ms)[0m   [0mCREATE TABLE `schema_migrations` (`version` varchar(255) NOT NULL) ENGINE=InnoDB[0m
  [4;36;1mSQL (0.4ms)[0m   [0;1mSHOW KEYS FROM `schema_migrations`[0m
  [4;35;1mSQL (227.4ms)[0m   [0mCREATE UNIQUE INDEX `unique_schema_migrations` ON `schema_migrations` (`version`)[0m
  [4;36;1mSCHEMA (0.3ms)[0m   [0;1mSHOW TABLES [0m
  [4;35;1mSQL (0.2ms)[0m   [0mSELECT version FROM schema_migrations[0m
Migrating to CreateUsers (20140926070525)
  [4;36;1mSQL (137.7ms)[0m   [0;1mCREATE TABLE `users` (`id` int(11) DEFAULT NULL auto_increment PRIMARY KEY, `name` varchar(255), `email` varchar(255), `created_at` datetime, `updated_at` datetime) ENGINE=InnoDB[0m
  [4;35;1mSQL (38.6ms)[0m   [0mINSERT INTO schema_migrations (version) VALUES ('20140926070525')[0m
  [4;36;1mSCHEMA (0.4ms)[0m   [0;1mSHOW TABLES [0m
  [4;35;1mSQL (0.2ms)[0m   [0mSELECT version FROM schema_migrations[0m
  [4;36;1mSCHEMA (0.2ms)[0m   [0;1mSHOW TABLES [0m
  [4;35;1mSQL (1.4ms)[0m   [0mdescribe `users`[0m
  [4;36;1mSQL (0.3ms)[0m   [0;1mSHOW KEYS FROM `users`[0m
  [4;36;1mSCHEMA (0.3ms)[0m   [0;1mSHOW TABLES [0m
  [4;35;1mSQL (0.2ms)[0m   [0mSELECT version FROM schema_migrations[0m
Migrating to CreateUsers (20140926070525)
  [4;36;1mSCHEMA (0.3ms)[0m   [0;1mSHOW TABLES [0m
  [4;35;1mSQL (0.2ms)[0m   [0mSELECT version FROM schema_migrations[0m
  [4;36;1mSCHEMA (0.2ms)[0m   [0;1mSHOW TABLES [0m
  [4;35;1mSQL (3.9ms)[0m   [0mdescribe `users`[0m
  [4;36;1mSQL (0.3ms)[0m   [0;1mSHOW KEYS FROM `users`[0m


Processing UsersController#index (for 127.0.0.1 at 2014-09-26 15:58:57) [GET]
  [4;36;1mUser Load (0.4ms)[0m   [0;1mSELECT * FROM `users` [0m
Rendering template within layouts/users
Rendering users/index
Completed in 98ms (View: 77, DB: 0) | 200 OK [http://localhost/users]
  [4;36;1mSCHEMA (0.3ms)[0m   [0;1mSHOW TABLES [0m
  [4;35;1mSQL (0.2ms)[0m   [0mSELECT version FROM schema_migrations[0m
Migrating to CreateUsers (20140926070525)
Migrating to CreateMicroposts (20140926104905)
  [4;36;1mSQL (100.9ms)[0m   [0;1mCREATE TABLE `microposts` (`id` int(11) DEFAULT NULL auto_increment PRIMARY KEY, `content` varchar(255), `user_id` int(11), `created_at` datetime, `updated_at` datetime) ENGINE=InnoDB[0m
  [4;35;1mSQL (43.8ms)[0m   [0mINSERT INTO schema_migrations (version) VALUES ('20140926104905')[0m
  [4;36;1mSCHEMA (0.3ms)[0m   [0;1mSHOW TABLES [0m
  [4;35;1mSQL (0.2ms)[0m   [0mSELECT version FROM schema_migrations[0m
  [4;36;1mSCHEMA (0.3ms)[0m   [0;1mSHOW TABLES [0m
  [4;35;1mSQL (1.4ms)[0m   [0mdescribe `microposts`[0m
  [4;36;1mSQL (0.3ms)[0m   [0;1mSHOW KEYS FROM `microposts`[0m
  [4;35;1mSQL (1.4ms)[0m   [0mdescribe `users`[0m
  [4;36;1mSQL (0.3ms)[0m   [0;1mSHOW KEYS FROM `users`[0m


Processing MicropostsController#new (for 127.0.0.1 at 2014-09-26 16:38:41) [GET]
Rendering template within layouts/microposts
Rendering microposts/new
Completed in 127ms (View: 90, DB: 0) | 200 OK [http://localhost/microposts/new]


Processing MicropostsController#create (for 127.0.0.1 at 2014-09-26 16:39:37) [POST]
  Parameters: {"authenticity_token"=>"R41Urxws9zuG6waAM/tPv5OcH/0LojjHOEhn/tY2XEE=", "micropost"=>{"content"=>"1234567890#1234567890##1234567890###1234567890###", "user_id"=>"bala"}, "commit"=>"Create"}
  [4;36;1mSQL (28.1ms)[0m   [0;1mBEGIN[0m
  [4;35;1mMicropost Create (71.0ms)[0m   [0mINSERT INTO `microposts` (`content`, `user_id`, `created_at`, `updated_at`) VALUES('1234567890#1234567890##1234567890###1234567890###', 0, '2014-09-26 11:09:37', '2014-09-26 11:09:37')[0m
  [4;36;1mSQL (14.7ms)[0m   [0;1mCOMMIT[0m
Redirected to http://localhost:3000/microposts/1
Completed in 124ms (DB: 114) | 302 Found [http://localhost/microposts]


Processing MicropostsController#show (for 127.0.0.1 at 2014-09-26 16:39:37) [GET]
  Parameters: {"id"=>"1"}
  [4;35;1mMicropost Load (48.1ms)[0m   [0mSELECT * FROM `microposts` WHERE (`microposts`.`id` = 1) [0m
Rendering template within layouts/microposts
Rendering microposts/show
Completed in 105ms (View: 51, DB: 48) | 200 OK [http://localhost/microposts/1]


Processing MicropostsController#new (for 127.0.0.1 at 2014-09-26 16:41:17) [GET]
Rendering template within layouts/microposts
Rendering microposts/new
Completed in 25ms (View: 19, DB: 0) | 200 OK [http://localhost/microposts/new]


Processing MicropostsController#create (for 127.0.0.1 at 2014-09-26 16:41:28) [POST]
  Parameters: {"authenticity_token"=>"R41Urxws9zuG6waAM/tPv5OcH/0LojjHOEhn/tY2XEE=", "micropost"=>{"content"=>"1234567890#1234567890##1234567890###1234567890###", "user_id"=>"guru"}, "commit"=>"Create"}
  [4;36;1mSQL (0.1ms)[0m   [0;1mBEGIN[0m
  [4;35;1mSQL (0.1ms)[0m   [0mROLLBACK[0m
Rendering template within layouts/microposts
Rendering microposts/new
Completed in 33ms (View: 6, DB: 0) | 200 OK [http://localhost/microposts]
  [4;36;1mUser Load (0.2ms)[0m   [0;1mSELECT * FROM `users` LIMIT 1[0m
  [4;35;1mMicropost Load (0.3ms)[0m   [0mSELECT * FROM `microposts` LIMIT 1[0m


Processing MicropostsController#index (for 127.0.0.1 at 2014-09-26 16:49:41) [GET]
  [4;36;1mSCHEMA (0.3ms)[0m   [0;1mSHOW TABLES [0m
  [4;35;1mSCHEMA (0.3ms)[0m   [0mSHOW TABLES [0m
  [4;36;1mSCHEMA (0.2ms)[0m   [0;1mSHOW TABLES [0m
  [4;35;1mSCHEMA (0.2ms)[0m   [0mSHOW TABLES [0m
  [4;36;1mSCHEMA (0.4ms)[0m   [0;1mSHOW TABLES [0m

NoMethodError (undefined method `beloongs_to' for #<Class:0x007ff9695df790>):
  app/models/micropost.rb:2:in `<class:Micropost>'
  app/models/micropost.rb:1:in `<top (required)>'
  app/controllers/microposts_controller.rb:5:in `index'
  <internal:prelude>:10:in `synchronize'

  [4;35;1mSCHEMA (0.4ms)[0m   [0mSHOW TABLES [0m
Rendered rescues/_trace (27.4ms)
Rendered rescues/_request_and_response (21.7ms)
Rendering rescues/layout (internal_server_error)


Processing MicropostsController#new (for 127.0.0.1 at 2014-09-26 16:49:47) [GET]
  [4;36;1mSCHEMA (0.3ms)[0m   [0;1mSHOW TABLES [0m
  [4;35;1mSCHEMA (0.3ms)[0m   [0mSHOW TABLES [0m
  [4;36;1mSCHEMA (0.4ms)[0m   [0;1mSHOW TABLES [0m
  [4;35;1mSCHEMA (0.3ms)[0m   [0mSHOW TABLES [0m
  [4;36;1mSCHEMA (0.2ms)[0m   [0;1mSHOW TABLES [0m

NoMethodError (undefined method `beloongs_to' for #<Class:0x007ff9693b4510>):
  app/models/micropost.rb:2:in `<class:Micropost>'
  app/models/micropost.rb:1:in `<top (required)>'
  app/controllers/microposts_controller.rb:27:in `new'
  <internal:prelude>:10:in `synchronize'

  [4;35;1mSCHEMA (0.3ms)[0m   [0mSHOW TABLES [0m
Rendered rescues/_trace (27.7ms)
Rendered rescues/_request_and_response (0.3ms)
Rendering rescues/layout (internal_server_error)


Processing MicropostsController#new (for 127.0.0.1 at 2014-09-26 16:50:19) [GET]
Rendering template within layouts/microposts
Rendering microposts/new
Completed in 83ms (View: 8, DB: 0) | 200 OK [http://localhost/microposts/new]


Processing MicropostsController#create (for 127.0.0.1 at 2014-09-26 16:50:32) [POST]
  Parameters: {"authenticity_token"=>"R41Urxws9zuG6waAM/tPv5OcH/0LojjHOEhn/tY2XEE=", "micropost"=>{"content"=>"12321312321", "user_id"=>"asdasdas"}, "commit"=>"Create"}
  [4;36;1mSQL (0.1ms)[0m   [0;1mBEGIN[0m
  [4;35;1mMicropost Create (15.8ms)[0m   [0mINSERT INTO `microposts` (`content`, `user_id`, `created_at`, `updated_at`) VALUES('12321312321', 0, '2014-09-26 11:20:32', '2014-09-26 11:20:32')[0m
  [4;36;1mSQL (0.7ms)[0m   [0;1mCOMMIT[0m
Redirected to http://localhost:3000/microposts/2
Completed in 25ms (DB: 17) | 302 Found [http://localhost/microposts]


Processing MicropostsController#show (for 127.0.0.1 at 2014-09-26 16:50:32) [GET]
  Parameters: {"id"=>"2"}
  [4;35;1mMicropost Load (0.3ms)[0m   [0mSELECT * FROM `microposts` WHERE (`microposts`.`id` = 2) [0m
Rendering template within layouts/microposts
Rendering microposts/show
Completed in 9ms (View: 2, DB: 0) | 200 OK [http://localhost/microposts/2]


Processing UsersController#new (for 127.0.0.1 at 2014-09-26 16:51:00) [GET]
Rendering template within layouts/users
Rendering users/new
Completed in 115ms (View: 48, DB: 0) | 200 OK [http://localhost/users/new]


Processing UsersController#create (for 127.0.0.1 at 2014-09-26 16:51:10) [POST]
  Parameters: {"authenticity_token"=>"R41Urxws9zuG6waAM/tPv5OcH/0LojjHOEhn/tY2XEE=", "user"=>{"name"=>"gg", "email"=>"gg@gg.com"}, "commit"=>"Create"}
  [4;36;1mSQL (0.1ms)[0m   [0;1mBEGIN[0m
  [4;35;1mUser Create (28.3ms)[0m   [0mINSERT INTO `users` (`name`, `email`, `created_at`, `updated_at`) VALUES('gg', 'gg@gg.com', '2014-09-26 11:21:11', '2014-09-26 11:21:11')[0m
  [4;36;1mSQL (0.5ms)[0m   [0;1mCOMMIT[0m
Redirected to http://localhost:3000/users/1
Completed in 80ms (DB: 29) | 302 Found [http://localhost/users]


Processing UsersController#show (for 127.0.0.1 at 2014-09-26 16:51:11) [GET]
  Parameters: {"id"=>"1"}
  [4;35;1mUser Load (0.2ms)[0m   [0mSELECT * FROM `users` WHERE (`users`.`id` = 1) [0m
Rendering template within layouts/users
Rendering users/show
Completed in 43ms (View: 37, DB: 0) | 200 OK [http://localhost/users/1]


Processing MicropostsController#new (for 127.0.0.1 at 2014-09-26 16:51:20) [GET]
Rendering template within layouts/microposts
Rendering microposts/new
Completed in 13ms (View: 7, DB: 0) | 200 OK [http://localhost/microposts/new]


Processing MicropostsController#create (for 127.0.0.1 at 2014-09-26 16:51:27) [POST]
  Parameters: {"authenticity_token"=>"R41Urxws9zuG6waAM/tPv5OcH/0LojjHOEhn/tY2XEE=", "micropost"=>{"content"=>"asdasd", "user_id"=>"gg"}, "commit"=>"Create"}
  [4;36;1mSQL (0.2ms)[0m   [0;1mBEGIN[0m
  [4;35;1mMicropost Create (21.2ms)[0m   [0mINSERT INTO `microposts` (`content`, `user_id`, `created_at`, `updated_at`) VALUES('asdasd', 0, '2014-09-26 11:21:27', '2014-09-26 11:21:27')[0m
  [4;36;1mSQL (0.4ms)[0m   [0;1mCOMMIT[0m
Redirected to http://localhost:3000/microposts/3
Completed in 205ms (DB: 22) | 302 Found [http://localhost/microposts]


Processing MicropostsController#show (for 127.0.0.1 at 2014-09-26 16:51:27) [GET]
  Parameters: {"id"=>"3"}
  [4;35;1mMicropost Load (0.4ms)[0m   [0mSELECT * FROM `microposts` WHERE (`microposts`.`id` = 3) [0m
Rendering template within layouts/microposts
Rendering microposts/show
Completed in 216ms (View: 3, DB: 0) | 200 OK [http://localhost/microposts/3]
  [4;36;1mUser Load (0.3ms)[0m   [0;1mSELECT * FROM `users` LIMIT 1[0m
  [4;35;1mUser Load (0.3ms)[0m   [0mSELECT * FROM `users` LIMIT 1[0m
  [4;36;1mUser Load (0.3ms)[0m   [0;1mSELECT * FROM `users` LIMIT 1[0m
  [4;35;1mUser Load (0.3ms)[0m   [0mSELECT * FROM `users` LIMIT 1[0m
